MyTemplate/proguard/seeds.txt
com.frank.template.R$attr: int template_color
com.frank.template.R$attr: int template_icon
com.frank.template.R$attr: int template_text
com.frank.template.R$attr: int template_text_size
com.frank.template.R$color: int action_bar_background
com.frank.template.R$color: int form_border_color
com.frank.template.R$color: int gray
com.frank.template.R$color: int main_activity_tab_bg
com.frank.template.R$color: int main_color
com.frank.template.R$color: int main_color_light
com.frank.template.R$color: int text_color_high_dark
com.frank.template.R$color: int text_color_low_dark
com.frank.template.R$color: int white
com.frank.template.R$dimen: int actionbar_button_divider
com.frank.template.R$dimen: int actionbar_title_text_size
com.frank.template.R$dimen: int activity_horizontal_margin
com.frank.template.R$dimen: int activity_vertical_margin
com.frank.template.R$dimen: int form_border_width
com.frank.template.R$dimen: int form_row_height
com.frank.template.R$dimen: int form_row_title_width
com.frank.template.R$dimen: int login_button_corner_radius
com.frank.template.R$dimen: int login_button_divider_length
com.frank.template.R$dimen: int login_button_margin
com.frank.template.R$dimen: int login_divider_length
com.frank.template.R$dimen: int login_height
com.frank.template.R$dimen: int login_logo_size
com.frank.template.R$dimen: int login_margin_bottom
com.frank.template.R$dimen: int login_margin_top
com.frank.template.R$dimen: int login_soft_ware_info
com.frank.template.R$dimen: int login_soft_ware_name
com.frank.template.R$dimen: int login_soft_ware_ver
com.frank.template.R$dimen: int login_with
com.frank.template.R$dimen: int menu_height
com.frank.template.R$dimen: int menu_img_size
com.frank.template.R$dimen: int menu_length
com.frank.template.R$dimen: int menu_parent_dec_size
com.frank.template.R$dimen: int menu_right_sep
com.frank.template.R$dimen: int menu_sep
com.frank.template.R$dimen: int menu_sub_dec_size
com.frank.template.R$dimen: int menu_width
com.frank.template.R$dimen: int none
com.frank.template.R$dimen: int padding_big
com.frank.template.R$dimen: int padding_large
com.frank.template.R$drawable: int ic_launcher
com.frank.template.R$drawable: int ic_menu_allfriends
com.frank.template.R$drawable: int ic_menu_emoticons
com.frank.template.R$drawable: int ic_menu_friendslist
com.frank.template.R$drawable: int ic_menu_start_conversation
com.frank.template.R$drawable: int template_back
com.frank.template.R$drawable: int template_menu
com.frank.template.R$drawable: int template_menu_bg
com.frank.template.R$drawable: int template_search
com.frank.template.R$id: int back_button
com.frank.template.R$id: int divider
com.frank.template.R$id: int expand_list
com.frank.template.R$id: int footer
com.frank.template.R$id: int fragment_root
com.frank.template.R$id: int menu_button
com.frank.template.R$id: int menu_dec
com.frank.template.R$id: int menu_icon
com.frank.template.R$id: int search_button
com.frank.template.R$id: int tab1
com.frank.template.R$id: int tab2
com.frank.template.R$id: int tab3
com.frank.template.R$id: int tab4
com.frank.template.R$id: int title
com.frank.template.R$layout: int template_activity_action_bar
com.frank.template.R$layout: int template_list_item
com.frank.template.R$layout: int template_main_ativity
com.frank.template.R$layout: int template_menu_list_view
com.frank.template.R$layout: int template_sub_menu_list_item
com.frank.template.R$string: int action_bar_title
com.frank.template.R$string: int app_info
com.frank.template.R$string: int first_tab_title
com.frank.template.R$string: int fouth_tab_title
com.frank.template.R$string: int home_title
com.frank.template.R$string: int login
com.frank.template.R$string: int login_title
com.frank.template.R$string: int password
com.frank.template.R$string: int register
com.frank.template.R$string: int second_tab_title
com.frank.template.R$string: int third_tab_title
com.frank.template.R$string: int username
...
android.support.v4.app.FragmentTabHost$SavedState: android.os.Parcelable$Creator CREATOR
android.support.v4.content.ModernAsyncTask$Status: android.support.v4.content.ModernAsyncTask$Status[] values()
android.support.v4.content.ModernAsyncTask$Status: android.support.v4.content.ModernAsyncTask$Status valueOf(java.lang.String)
android.support.v4.media.MediaBrowserCompat$MediaItem: android.os.Parcelable$Creator CREATOR
android.support.v4.media.MediaDescriptionCompat: android.os.Parcelable$Creator CREATOR
android.support.v4.media.MediaMetadataCompat: android.os.Parcelable$Creator CREATOR
android.support.v4.media.RatingCompat: android.os.Parcelable$Creator CREATOR
android.support.v4.media.session.MediaSessionCompat$QueueItem: android.os.Parcelable$Creator CREATOR
android.support.v4.media.session.MediaSessionCompat$ResultReceiverWrapper: android.os.Parcelable$Creator CREATOR
android.support.v4.media.session.MediaSessionCompat$Token: android.os.Parcelable$Creator CREATOR
android.support.v4.media.session.ParcelableVolumeInfo: android.os.Parcelable$Creator CREATOR
android.support.v4.media.session.PlaybackStateCompat: android.os.Parcelable$Creator CREATOR
android.support.v4.media.session.PlaybackStateCompat$CustomAction: android.os.Parcelable$Creator CREATOR
android.support.v4.os.ResultReceiver: android.os.Parcelable$Creator CREATOR
android.support.v4.view.PagerTabStrip: void setTabIndicatorColor(int)
android.support.v4.view.PagerTabStrip: void setTabIndicatorColorResource(int)
android.support.v4.view.PagerTabStrip: int getTabIndicatorColor()
android.support.v4.view.PagerTabStrip: void setTextSpacing(int)
android.support.v4.view.PagerTabStrip: void setBackgroundDrawable(android.graphics.drawable.Drawable)
android.support.v4.view.PagerTabStrip: void setBackgroundColor(int)
android.support.v4.view.PagerTabStrip: void setBackgroundResource(int)
android.support.v4.view.PagerTabStrip: void setDrawFullUnderline(boolean)
android.support.v4.view.PagerTabStrip: boolean getDrawFullUnderline()
android.support.v4.view.PagerTabStrip: int getMinHeight()
android.support.v4.view.PagerTitleStrip: void setSingleLineAllCaps(android.widget.TextView)
android.support.v4.view.PagerTitleStrip: void setTextSpacing(int)
android.support.v4.view.PagerTitleStrip: int getTextSpacing()
android.support.v4.view.PagerTitleStrip: void setNonPrimaryAlpha(float)
android.support.v4.view.PagerTitleStrip: void setTextColor(int)
android.support.v4.view.PagerTitleStrip: void setGravity(int)
android.support.v4.view.PagerTitleStrip: int getMinHeight()
android.support.v4.view.ViewPager
android.support.v4.view.ViewPager: ViewPager(android.content.Context)
android.support.v4.view.ViewPager: ViewPager(android.content.Context,android.util.AttributeSet)
android.support.v4.view.ViewPager: void setScrollState(int)
android.support.v4.view.ViewPager: void setAdapter(android.support.v4.view.PagerAdapter)
android.support.v4.view.ViewPager: android.support.v4.view.PagerAdapter getAdapter()
android.support.v4.view.ViewPager: void setOnAdapterChangeListener(android.support.v4.view.ViewPager$OnAdapterChangeListener)
android.support.v4.view.ViewPager: int getClientWidth()
android.support.v4.view.ViewPager: void setCurrentItem(int)
android.support.v4.view.ViewPager: int getCurrentItem()
android.support.v4.view.ViewPager: void setOnPageChangeListener(android.support.v4.view.ViewPager$OnPageChangeListener)
android.support.v4.view.ViewPager: void setChildrenDrawingOrderEnabledCompat(boolean)
android.support.v4.view.ViewPager: int getOffscreenPageLimit()
android.support.v4.view.ViewPager: void setOffscreenPageLimit(int)
android.support.v4.view.ViewPager: void setPageMargin(int)
android.support.v4.view.ViewPager: int getPageMargin()
android.support.v4.view.ViewPager: void setPageMarginDrawable(android.graphics.drawable.Drawable)
android.support.v4.view.ViewPager: void setPageMarginDrawable(int)
android.support.v4.view.ViewPager: void setScrollingCacheEnabled(boolean)