MyTemplate/proguard/usage.txt
com.frank.template.BuildConfig
com.frank.template.R
com.frank.template.R$attr
com.frank.template.R$color
com.frank.template.R$dimen
com.frank.template.R$drawable
com.frank.template.R$id
com.frank.template.R$layout
com.frank.template.R$string
com.frank.template.R$style
com.frank.template.R$styleable
...
android.support.v4.media.MediaBrowserCompat
android.support.v4.media.MediaBrowserCompat$1
android.support.v4.media.MediaBrowserCompat$CallbackHandler
android.support.v4.media.MediaBrowserCompat$ConnectionCallback
android.support.v4.media.MediaBrowserCompat$ConnectionCallback$ConnectionCallbackInternal
android.support.v4.media.MediaBrowserCompat$ConnectionCallback$StubApi21
android.support.v4.media.MediaBrowserCompat$ItemCallback
android.support.v4.media.MediaBrowserCompat$ItemCallback$StubApi23
android.support.v4.media.MediaBrowserCompat$ItemReceiver
android.support.v4.media.MediaBrowserCompat$MediaBrowserImpl
android.support.v4.media.MediaBrowserCompat$MediaBrowserImplApi21
android.support.v4.media.MediaBrowserCompat$MediaBrowserImplApi21$1
android.support.v4.media.MediaBrowserCompat$MediaBrowserImplApi21$2
android.support.v4.media.MediaBrowserCompat$MediaBrowserImplApi21$3
android.support.v4.media.MediaBrowserCompat$MediaBrowserImplApi23
android.support.v4.media.MediaBrowserCompat$MediaBrowserServiceCallbackImpl
android.support.v4.media.MediaBrowserCompat$MediaBrowserServiceImplBase
android.support.v4.media.MediaBrowserCompat$MediaBrowserServiceImplBase$1
android.support.v4.media.MediaBrowserCompat$MediaBrowserServiceImplBase$2
android.support.v4.media.MediaBrowserCompat$MediaBrowserServiceImplBase$3
android.support.v4.media.MediaBrowserCompat$MediaBrowserServiceImplBase$MediaServiceConnection
android.support.v4.media.MediaBrowserCompat$MediaBrowserServiceImplBase$MediaServiceConnection$1
android.support.v4.media.MediaBrowserCompat$MediaBrowserServiceImplBase$MediaServiceConnection$2
android.support.v4.media.MediaBrowserCompat$MediaItem
android.support.v4.media.MediaBrowserCompat$MediaItem$1
android.support.v4.media.MediaBrowserCompat$MediaItem$Flags
android.support.v4.media.MediaBrowserCompat$ServiceBinderWrapper
android.support.v4.media.MediaBrowserCompat$Subscription
android.support.v4.media.MediaBrowserCompat$SubscriptionCallback
android.support.v4.media.MediaBrowserCompat$SubscriptionCallbackApi21
android.support.v4.media.MediaBrowserCompat$SubscriptionCallbackApi21$StubApi21
android.support.v4.media.MediaBrowserCompatApi21
android.support.v4.media.MediaBrowserCompatApi21$ConnectionCallback
android.support.v4.media.MediaBrowserCompatApi21$ConnectionCallbackProxy
android.support.v4.media.MediaBrowserCompatApi21$SubscriptionCallback
android.support.v4.media.MediaBrowserCompatApi21$SubscriptionCallbackProxy
android.support.v4.media.MediaBrowserCompatApi23
android.support.v4.media.MediaBrowserCompatApi23$ItemCallback
android.support.v4.media.MediaBrowserCompatApi23$ItemCallbackProxy
android.support.v4.media.MediaBrowserCompatUtils
android.support.v4.media.MediaBrowserProtocol
android.support.v4.media.MediaBrowserServiceCompat
android.support.v4.media.MediaBrowserServiceCompat$1
android.support.v4.media.MediaBrowserServiceCompat$2
android.support.v4.media.MediaBrowserServiceCompat$3
android.support.v4.media.MediaBrowserServiceCompat$4
android.support.v4.media.MediaBrowserServiceCompat$BrowserRoot
android.support.v4.media.MediaBrowserServiceCompat$ConnectionRecord
android.support.v4.media.MediaBrowserServiceCompat$MediaBrowserServiceImpl
android.support.v4.media.MediaBrowserServiceCompat$MediaBrowserServiceImplApi21
android.support.v4.media.MediaBrowserServiceCompat$MediaBrowserServiceImplApi23
android.support.v4.media.MediaBrowserServiceCompat$MediaBrowserServiceImplBase
android.support.v4.media.MediaBrowserServiceCompat$Result
android.support.v4.media.MediaBrowserServiceCompat$ResultFlags
android.support.v4.media.MediaBrowserServiceCompat$ServiceCallbacks
android.support.v4.media.MediaBrowserServiceCompat$ServiceCallbacksApi21
android.support.v4.media.MediaBrowserServiceCompat$ServiceCallbacksCompat
android.support.v4.media.MediaBrowserServiceCompat$ServiceHandler
android.support.v4.media.MediaBrowserServiceCompat$ServiceImpl
android.support.v4.media.MediaBrowserServiceCompat$ServiceImpl$1